<?xml version="1.0" encoding="utf-8"?>
<TestRun id="a02450a0-d6f1-4444-8508-937c440d4b3f" name="Deepak Prakash@DESKTOP-EAIV8GK 2022-09-17 15:38:14" runUser="DESKTOP-EAIV8GK\Deepak Prakash" xmlns="http://microsoft.com/schemas/VisualStudio/TeamTest/2010">
  <Times creation="2022-09-17T15:38:14.0416958-05:00" queuing="2022-09-17T15:38:14.0416960-05:00" start="2022-09-17T15:38:06.4249527-05:00" finish="2022-09-17T15:38:14.0506162-05:00" />
  <TestSettings name="default" id="96ff3cac-2269-423f-8d6a-bd4a44c41add">
    <Deployment runDeploymentRoot="Deepak_Prakash_DESKTOP-EAIV8GK_2022-09-17_15_38_14" />
  </TestSettings>
  <Results>
    <UnitTestResult executionId="9e9313de-9c92-4f9b-b88e-06fbdec8a8be" testId="ba55b7ae-4204-03e9-cbd0-689f5988d02e" testName="NethereumPOC.UnitTest1.ShouldBeAbleToDeployContract" computerName="DESKTOP-EAIV8GK" duration="00:00:06.1186000" startTime="2022-09-17T15:38:13.9385935-05:00" endTime="2022-09-17T15:38:13.9386226-05:00" testType="13cdc9d9-ddb5-4fa4-a97d-d965ccfc6d4b" outcome="Passed" testListId="8c84fa94-04c1-424b-9868-57a2d4851a1d" relativeResultsDirectory="9e9313de-9c92-4f9b-b88e-06fbdec8a8be" />
  </Results>
  <TestDefinitions>
    <UnitTest name="NethereumPOC.UnitTest1.ShouldBeAbleToDeployContract" storage="c:\users\deepak prakash\source\repos\nethereumpoc\nethereumpoc\bin\debug\net6.0\nethereumpoc.dll" id="ba55b7ae-4204-03e9-cbd0-689f5988d02e">
      <Execution id="9e9313de-9c92-4f9b-b88e-06fbdec8a8be" />
      <TestMethod codeBase="C:\Users\Deepak Prakash\source\repos\NethereumPOC\NethereumPOC\bin\Debug\net6.0\NethereumPOC.dll" adapterTypeName="executor://xunit/VsTestRunner2/netcoreapp" className="NethereumPOC.UnitTest1" name="ShouldBeAbleToDeployContract" />
    </UnitTest>
  </TestDefinitions>
  <TestEntries>
    <TestEntry testId="ba55b7ae-4204-03e9-cbd0-689f5988d02e" executionId="9e9313de-9c92-4f9b-b88e-06fbdec8a8be" testListId="8c84fa94-04c1-424b-9868-57a2d4851a1d" />
  </TestEntries>
  <TestLists>
    <TestList name="Results Not in a List" id="8c84fa94-04c1-424b-9868-57a2d4851a1d" />
    <TestList name="All Loaded Results" id="19431567-8539-422a-85d7-44ee4e166bda" />
  </TestLists>
  <ResultSummary outcome="Completed">
    <Counters total="1" executed="1" passed="1" failed="0" error="0" timeout="0" aborted="0" inconclusive="0" passedButRunAborted="0" notRunnable="0" notExecuted="0" disconnected="0" warning="0" completed="0" inProgress="0" pending="0" />
    <Output>
      <StdOut>[xUnit.net 00:00:00.00] xUnit.net VSTest Adapter v2.4.3+1b45f5407b (64-bit .NET 6.0.8)&#xD;
[xUnit.net 00:00:00.70]   Discovering: NethereumPOC&#xD;
[xUnit.net 00:00:00.74]   Discovered:  NethereumPOC&#xD;
[xUnit.net 00:00:00.75]   Starting:    NethereumPOC&#xD;
[xUnit.net 00:00:06.95]   Finished:    NethereumPOC&#xD;
</StdOut>
    </Output>
  </ResultSummary>
</TestRun>