<?xml version="1.0" encoding="utf-8"?>
<TestRun id="245e7718-78cd-4e0a-9c91-a66d99c55ede" name="Deepak Prakash@DESKTOP-EAIV8GK 2022-09-17 15:40:15" runUser="DESKTOP-EAIV8GK\Deepak Prakash" xmlns="http://microsoft.com/schemas/VisualStudio/TeamTest/2010">
  <Times creation="2022-09-17T15:40:15.2793990-05:00" queuing="2022-09-17T15:40:15.2793994-05:00" start="2022-09-17T15:40:07.5955995-05:00" finish="2022-09-17T15:40:15.2899492-05:00" />
  <TestSettings name="default" id="05e4ed4f-26f1-4cde-a88f-7e05b9bb8658">
    <Deployment runDeploymentRoot="Deepak_Prakash_DESKTOP-EAIV8GK_2022-09-17_15_40_15" />
  </TestSettings>
  <Results>
    <UnitTestResult executionId="0206b498-998b-46d2-92ad-9d33acf4526e" testId="ba55b7ae-4204-03e9-cbd0-689f5988d02e" testName="NethereumPOC.UnitTest1.ShouldBeAbleToDeployContract" computerName="DESKTOP-EAIV8GK" duration="00:00:06.0438591" startTime="2022-09-17T15:40:15.1679841-05:00" endTime="2022-09-17T15:40:15.1680087-05:00" testType="13cdc9d9-ddb5-4fa4-a97d-d965ccfc6d4b" outcome="Passed" testListId="8c84fa94-04c1-424b-9868-57a2d4851a1d" relativeResultsDirectory="0206b498-998b-46d2-92ad-9d33acf4526e" />
  </Results>
  <TestDefinitions>
    <UnitTest name="NethereumPOC.UnitTest1.ShouldBeAbleToDeployContract" storage="c:\users\deepak prakash\source\repos\nethereumpoc\nethereumpoc\bin\debug\net6.0\nethereumpoc.dll" id="ba55b7ae-4204-03e9-cbd0-689f5988d02e">
      <Execution id="0206b498-998b-46d2-92ad-9d33acf4526e" />
      <TestMethod codeBase="C:\Users\Deepak Prakash\source\repos\NethereumPOC\NethereumPOC\bin\Debug\net6.0\NethereumPOC.dll" adapterTypeName="executor://xunit/VsTestRunner2/netcoreapp" className="NethereumPOC.UnitTest1" name="ShouldBeAbleToDeployContract" />
    </UnitTest>
  </TestDefinitions>
  <TestEntries>
    <TestEntry testId="ba55b7ae-4204-03e9-cbd0-689f5988d02e" executionId="0206b498-998b-46d2-92ad-9d33acf4526e" testListId="8c84fa94-04c1-424b-9868-57a2d4851a1d" />
  </TestEntries>
  <TestLists>
    <TestList name="Results Not in a List" id="8c84fa94-04c1-424b-9868-57a2d4851a1d" />
    <TestList name="All Loaded Results" id="19431567-8539-422a-85d7-44ee4e166bda" />
  </TestLists>
  <ResultSummary outcome="Completed">
    <Counters total="1" executed="1" passed="1" failed="0" error="0" timeout="0" aborted="0" inconclusive="0" passedButRunAborted="0" notRunnable="0" notExecuted="0" disconnected="0" warning="0" completed="0" inProgress="0" pending="0" />
    <Output>
      <StdOut>[xUnit.net 00:00:00.00] xUnit.net VSTest Adapter v2.4.3+1b45f5407b (64-bit .NET 6.0.8)&#xD;
[xUnit.net 00:00:00.71]   Discovering: NethereumPOC&#xD;
[xUnit.net 00:00:00.76]   Discovered:  NethereumPOC&#xD;
[xUnit.net 00:00:00.76]   Starting:    NethereumPOC&#xD;
[xUnit.net 00:00:06.89]   Finished:    NethereumPOC&#xD;
</StdOut>
    </Output>
  </ResultSummary>
</TestRun>