<?xml version="1.0" encoding="utf-8"?>
<TestRun id="81e0c3ea-f736-42a9-802d-0fb863b520c5" name="Deepak Prakash@DESKTOP-EAIV8GK 2022-09-17 15:41:24" runUser="DESKTOP-EAIV8GK\Deepak Prakash" xmlns="http://microsoft.com/schemas/VisualStudio/TeamTest/2010">
  <Times creation="2022-09-17T15:41:24.4699448-05:00" queuing="2022-09-17T15:41:24.4699451-05:00" start="2022-09-17T15:41:16.8263166-05:00" finish="2022-09-17T15:41:24.4783945-05:00" />
  <TestSettings name="default" id="0710be6b-3a74-4754-b8cf-79987ae20c23">
    <Deployment runDeploymentRoot="Deepak_Prakash_DESKTOP-EAIV8GK_2022-09-17_15_41_24" />
  </TestSettings>
  <Results>
    <UnitTestResult executionId="5d4aaabf-722f-414f-8c69-acf7925a1fa3" testId="ba55b7ae-4204-03e9-cbd0-689f5988d02e" testName="NethereumPOC.UnitTest1.ShouldBeAbleToDeployContract" computerName="DESKTOP-EAIV8GK" duration="00:00:06.0673145" startTime="2022-09-17T15:41:24.3734651-05:00" endTime="2022-09-17T15:41:24.3734845-05:00" testType="13cdc9d9-ddb5-4fa4-a97d-d965ccfc6d4b" outcome="Passed" testListId="8c84fa94-04c1-424b-9868-57a2d4851a1d" relativeResultsDirectory="5d4aaabf-722f-414f-8c69-acf7925a1fa3" />
  </Results>
  <TestDefinitions>
    <UnitTest name="NethereumPOC.UnitTest1.ShouldBeAbleToDeployContract" storage="c:\users\deepak prakash\source\repos\nethereumpoc\nethereumpoc\bin\debug\net6.0\nethereumpoc.dll" id="ba55b7ae-4204-03e9-cbd0-689f5988d02e">
      <Execution id="5d4aaabf-722f-414f-8c69-acf7925a1fa3" />
      <TestMethod codeBase="C:\Users\Deepak Prakash\source\repos\NethereumPOC\NethereumPOC\bin\Debug\net6.0\NethereumPOC.dll" adapterTypeName="executor://xunit/VsTestRunner2/netcoreapp" className="NethereumPOC.UnitTest1" name="ShouldBeAbleToDeployContract" />
    </UnitTest>
  </TestDefinitions>
  <TestEntries>
    <TestEntry testId="ba55b7ae-4204-03e9-cbd0-689f5988d02e" executionId="5d4aaabf-722f-414f-8c69-acf7925a1fa3" testListId="8c84fa94-04c1-424b-9868-57a2d4851a1d" />
  </TestEntries>
  <TestLists>
    <TestList name="Results Not in a List" id="8c84fa94-04c1-424b-9868-57a2d4851a1d" />
    <TestList name="All Loaded Results" id="19431567-8539-422a-85d7-44ee4e166bda" />
  </TestLists>
  <ResultSummary outcome="Completed">
    <Counters total="1" executed="1" passed="1" failed="0" error="0" timeout="0" aborted="0" inconclusive="0" passedButRunAborted="0" notRunnable="0" notExecuted="0" disconnected="0" warning="0" completed="0" inProgress="0" pending="0" />
    <Output>
      <StdOut>[xUnit.net 00:00:00.00] xUnit.net VSTest Adapter v2.4.3+1b45f5407b (64-bit .NET 6.0.8)&#xD;
[xUnit.net 00:00:00.74]   Discovering: NethereumPOC&#xD;
[xUnit.net 00:00:00.79]   Discovered:  NethereumPOC&#xD;
[xUnit.net 00:00:00.79]   Starting:    NethereumPOC&#xD;
[xUnit.net 00:00:06.95]   Finished:    NethereumPOC&#xD;
</StdOut>
    </Output>
  </ResultSummary>
</TestRun>