<?xml version="1.0" encoding="utf-8"?>
<TestRun id="6859fb8d-a8f4-4a20-af06-0ef03376d41d" name="Deepak Prakash@DESKTOP-EAIV8GK 2022-09-17 15:41:39" runUser="DESKTOP-EAIV8GK\Deepak Prakash" xmlns="http://microsoft.com/schemas/VisualStudio/TeamTest/2010">
  <Times creation="2022-09-17T15:41:39.1773482-05:00" queuing="2022-09-17T15:41:39.1773486-05:00" start="2022-09-17T15:41:31.4638119-05:00" finish="2022-09-17T15:41:39.1872839-05:00" />
  <TestSettings name="default" id="5ad1cbbb-c57d-42c3-88a1-0b4a9eb6a2a1">
    <Deployment runDeploymentRoot="Deepak_Prakash_DESKTOP-EAIV8GK_2022-09-17_15_41_39" />
  </TestSettings>
  <Results>
    <UnitTestResult executionId="2ebd150a-e1a9-4ea2-a815-e788ce6d962b" testId="ba55b7ae-4204-03e9-cbd0-689f5988d02e" testName="NethereumPOC.UnitTest1.ShouldBeAbleToDeployContract" computerName="DESKTOP-EAIV8GK" duration="00:00:06.0906032" startTime="2022-09-17T15:41:39.0670984-05:00" endTime="2022-09-17T15:41:39.0671160-05:00" testType="13cdc9d9-ddb5-4fa4-a97d-d965ccfc6d4b" outcome="Passed" testListId="8c84fa94-04c1-424b-9868-57a2d4851a1d" relativeResultsDirectory="2ebd150a-e1a9-4ea2-a815-e788ce6d962b" />
  </Results>
  <TestDefinitions>
    <UnitTest name="NethereumPOC.UnitTest1.ShouldBeAbleToDeployContract" storage="c:\users\deepak prakash\source\repos\nethereumpoc\nethereumpoc\bin\debug\net6.0\nethereumpoc.dll" id="ba55b7ae-4204-03e9-cbd0-689f5988d02e">
      <Execution id="2ebd150a-e1a9-4ea2-a815-e788ce6d962b" />
      <TestMethod codeBase="C:\Users\Deepak Prakash\source\repos\NethereumPOC\NethereumPOC\bin\Debug\net6.0\NethereumPOC.dll" adapterTypeName="executor://xunit/VsTestRunner2/netcoreapp" className="NethereumPOC.UnitTest1" name="ShouldBeAbleToDeployContract" />
    </UnitTest>
  </TestDefinitions>
  <TestEntries>
    <TestEntry testId="ba55b7ae-4204-03e9-cbd0-689f5988d02e" executionId="2ebd150a-e1a9-4ea2-a815-e788ce6d962b" testListId="8c84fa94-04c1-424b-9868-57a2d4851a1d" />
  </TestEntries>
  <TestLists>
    <TestList name="Results Not in a List" id="8c84fa94-04c1-424b-9868-57a2d4851a1d" />
    <TestList name="All Loaded Results" id="19431567-8539-422a-85d7-44ee4e166bda" />
  </TestLists>
  <ResultSummary outcome="Completed">
    <Counters total="1" executed="1" passed="1" failed="0" error="0" timeout="0" aborted="0" inconclusive="0" passedButRunAborted="0" notRunnable="0" notExecuted="0" disconnected="0" warning="0" completed="0" inProgress="0" pending="0" />
    <Output>
      <StdOut>[xUnit.net 00:00:00.00] xUnit.net VSTest Adapter v2.4.3+1b45f5407b (64-bit .NET 6.0.8)&#xD;
[xUnit.net 00:00:00.78]   Discovering: NethereumPOC&#xD;
[xUnit.net 00:00:00.82]   Discovered:  NethereumPOC&#xD;
[xUnit.net 00:00:00.83]   Starting:    NethereumPOC&#xD;
[xUnit.net 00:00:07.00]   Finished:    NethereumPOC&#xD;
</StdOut>
    </Output>
  </ResultSummary>
</TestRun>